20:40:09 **** Incremental Build of configuration Debug for project stm32f746g-disco_hal_lib ****
Info: Internal Builder is used for build
Info: Parallel threads used: 0
20:40:10 **** Incremental Build of configuration Debug for project LoRa+LCD ****
Info: Internal Builder is used for build
Info: Parallel threads used: 0
20:40:33 **** Incremental Build of configuration Debug for project stm32f746g-disco_hal_lib ****
Info: Internal Builder is used for build
Info: Parallel threads used: 0
20:40:34 **** Incremental Build of configuration Debug for project LoRa+LCD ****
Info: Internal Builder is used for build
arm-none-eabi-gcc -mcpu=cortex-m7 -mthumb -mfloat-abi=hard -mfpu=fpv5-sp-d16 -DSTM32 -D__FPU_PRESENT -DARM_MATH_CM7 -DSTM32F7 -DSTM32F746NGHx -DSTM32F746G_DISCO -DDEBUG -DSTM32F746xx -DUSE_HAL_DRIVER -I/home/oleksandr/workspace/stm32f746g-disco_hal_lib -I/home/oleksandr/workspace/stm32f746g-disco_hal_lib/HAL_Driver/Inc -I/home/oleksandr/workspace/stm32f746g-disco_hal_lib/HAL_Driver/Inc/Legacy -I/home/oleksandr/workspace/stm32f746g-disco_hal_lib/Utilities/Components/st7735 -I/home/oleksandr/workspace/stm32f746g-disco_hal_lib/Utilities/Components/ft6x06 -I/home/oleksandr/workspace/stm32f746g-disco_hal_lib/Utilities/Components/exc7200 -I/home/oleksandr/workspace/stm32f746g-disco_hal_lib/Utilities/Components/ts3510 -I/home/oleksandr/workspace/stm32f746g-disco_hal_lib/Utilities/Components/Common -I/home/oleksandr/workspace/stm32f746g-disco_hal_lib/Utilities/Components/otm8009a -I/home/oleksandr/workspace/stm32f746g-disco_hal_lib/Utilities/Components/rk043fn48h -I/home/oleksandr/workspace/stm32f746g-disco_hal_lib/Utilities/Components/ampire480272 -I/home/oleksandr/workspace/stm32f746g-disco_hal_lib/Utilities/Components/mfxstm32l152 -I/home/oleksandr/workspace/stm32f746g-disco_hal_lib/Utilities/Components/n25q512a -I/home/oleksandr/workspace/stm32f746g-disco_hal_lib/Utilities/Components/wm8994 -I/home/oleksandr/workspace/stm32f746g-disco_hal_lib/Utilities/Components/s5k5cag -I/home/oleksandr/workspace/stm32f746g-disco_hal_lib/Utilities/Components/stmpe811 -I/home/oleksandr/workspace/stm32f746g-disco_hal_lib/Utilities/Components/ampire640480 -I/home/oleksandr/workspace/stm32f746g-disco_hal_lib/Utilities/Components/ov9655 -I/home/oleksandr/workspace/stm32f746g-disco_hal_lib/Utilities/Components/adv7533 -I/home/oleksandr/workspace/stm32f746g-disco_hal_lib/Utilities/Components/n25q128a -I/home/oleksandr/workspace/stm32f746g-disco_hal_lib/Utilities/Components/st7789h2 -I/home/oleksandr/workspace/stm32f746g-disco_hal_lib/Utilities/Components/ft5336 -I/home/oleksandr/workspace/stm32f746g-disco_hal_lib/Utilities/Components/mx25l512 -I/home/oleksandr/workspace/stm32f746g-disco_hal_lib/Utilities/Log -I/home/oleksandr/workspace/stm32f746g-disco_hal_lib/Utilities/STM32746G-Discovery -I/home/oleksandr/workspace/stm32f746g-disco_hal_lib/Utilities/Fonts -I/home/oleksandr/workspace/stm32f746g-disco_hal_lib/CMSIS/core -I/home/oleksandr/workspace/stm32f746g-disco_hal_lib/CMSIS/device -I/home/oleksandr/workspace/LoRa+LCD/inc -O0 -g3 -Wall -fmessage-length=0 -ffunction-sections -c -o src/main.o ../src/main.c 
arm-none-eabi-gcc -mcpu=cortex-m7 -mthumb -mfloat-abi=hard -mfpu=fpv5-sp-d16 -L/home/oleksandr/workspace/stm32f746g-disco_hal_lib/Debug -T/home/oleksandr/workspace/LoRa+LCD/LinkerScript.ld -Wl,-Map=output.map -Wl,--gc-sections -lm -o LoRa+LCD.elf src/LoRa.o src/main.o src/stm32f7xx_it.o src/syscalls.o src/system_stm32f7xx.o startup/startup_stm32f746xx.o -lstm32f746g-disco_hal_lib 
Info: Parallel threads used: 1
20:52:18 **** Incremental Build of configuration Debug for project stm32f746g-disco_hal_lib ****
Info: Internal Builder is used for build
Info: Parallel threads used: 0
20:52:18 **** Incremental Build of configuration Debug for project LoRa+LCD ****
Info: Internal Builder is used for build
Info: Parallel threads used: 0
20:53:36 **** Incremental Build of configuration Debug for project stm32f746g-disco_hal_lib ****
Info: Internal Builder is used for build
Info: Parallel threads used: 0
20:53:36 **** Incremental Build of configuration Debug for project LoRa+LCD ****
Info: Internal Builder is used for build
Info: Parallel threads used: 0
21:38:48 **** Incremental Build of configuration Debug for project stm32f746g-disco_hal_lib ****
Info: Internal Builder is used for build
Info: Parallel threads used: 0
21:38:48 **** Incremental Build of configuration Debug for project LoRa+LCD ****
Info: Internal Builder is used for build
arm-none-eabi-gcc -mcpu=cortex-m7 -mthumb -mfloat-abi=hard -mfpu=fpv5-sp-d16 -DSTM32 -D__FPU_PRESENT -DARM_MATH_CM7 -DSTM32F7 -DSTM32F746NGHx -DSTM32F746G_DISCO -DDEBUG -DSTM32F746xx -DUSE_HAL_DRIVER -I/home/oleksandr/workspace/stm32f746g-disco_hal_lib -I/home/oleksandr/workspace/stm32f746g-disco_hal_lib/HAL_Driver/Inc -I/home/oleksandr/workspace/stm32f746g-disco_hal_lib/HAL_Driver/Inc/Legacy -I/home/oleksandr/workspace/stm32f746g-disco_hal_lib/Utilities/Components/st7735 -I/home/oleksandr/workspace/stm32f746g-disco_hal_lib/Utilities/Components/ft6x06 -I/home/oleksandr/workspace/stm32f746g-disco_hal_lib/Utilities/Components/exc7200 -I/home/oleksandr/workspace/stm32f746g-disco_hal_lib/Utilities/Components/ts3510 -I/home/oleksandr/workspace/stm32f746g-disco_hal_lib/Utilities/Components/Common -I/home/oleksandr/workspace/stm32f746g-disco_hal_lib/Utilities/Components/otm8009a -I/home/oleksandr/workspace/stm32f746g-disco_hal_lib/Utilities/Components/rk043fn48h -I/home/oleksandr/workspace/stm32f746g-disco_hal_lib/Utilities/Components/ampire480272 -I/home/oleksandr/workspace/stm32f746g-disco_hal_lib/Utilities/Components/mfxstm32l152 -I/home/oleksandr/workspace/stm32f746g-disco_hal_lib/Utilities/Components/n25q512a -I/home/oleksandr/workspace/stm32f746g-disco_hal_lib/Utilities/Components/wm8994 -I/home/oleksandr/workspace/stm32f746g-disco_hal_lib/Utilities/Components/s5k5cag -I/home/oleksandr/workspace/stm32f746g-disco_hal_lib/Utilities/Components/stmpe811 -I/home/oleksandr/workspace/stm32f746g-disco_hal_lib/Utilities/Components/ampire640480 -I/home/oleksandr/workspace/stm32f746g-disco_hal_lib/Utilities/Components/ov9655 -I/home/oleksandr/workspace/stm32f746g-disco_hal_lib/Utilities/Components/adv7533 -I/home/oleksandr/workspace/stm32f746g-disco_hal_lib/Utilities/Components/n25q128a -I/home/oleksandr/workspace/stm32f746g-disco_hal_lib/Utilities/Components/st7789h2 -I/home/oleksandr/workspace/stm32f746g-disco_hal_lib/Utilities/Components/ft5336 -I/home/oleksandr/workspace/stm32f746g-disco_hal_lib/Utilities/Components/mx25l512 -I/home/oleksandr/workspace/stm32f746g-disco_hal_lib/Utilities/Log -I/home/oleksandr/workspace/stm32f746g-disco_hal_lib/Utilities/STM32746G-Discovery -I/home/oleksandr/workspace/stm32f746g-disco_hal_lib/Utilities/Fonts -I/home/oleksandr/workspace/stm32f746g-disco_hal_lib/CMSIS/core -I/home/oleksandr/workspace/stm32f746g-disco_hal_lib/CMSIS/device -I/home/oleksandr/workspace/LoRa+LCD/inc -O0 -g3 -Wall -fmessage-length=0 -ffunction-sections -c -o src/main.o ../src/main.c 
arm-none-eabi-gcc -mcpu=cortex-m7 -mthumb -mfloat-abi=hard -mfpu=fpv5-sp-d16 -L/home/oleksandr/workspace/stm32f746g-disco_hal_lib/Debug -T/home/oleksandr/workspace/LoRa+LCD/LinkerScript.ld -Wl,-Map=output.map -Wl,--gc-sections -lm -o LoRa+LCD.elf src/LoRa.o src/main.o src/stm32f7xx_it.o src/syscalls.o src/system_stm32f7xx.o startup/startup_stm32f746xx.o -lstm32f746g-disco_hal_lib 
Info: Parallel threads used: 1
22:00:27 **** Incremental Build of configuration Debug for project stm32f746g-disco_hal_lib ****
Info: Internal Builder is used for build
Info: Parallel threads used: 0
22:00:27 **** Incremental Build of configuration Debug for project LoRa+LCD ****
Info: Internal Builder is used for build
arm-none-eabi-gcc -mcpu=cortex-m7 -mthumb -mfloat-abi=hard -mfpu=fpv5-sp-d16 -DSTM32 -D__FPU_PRESENT -DARM_MATH_CM7 -DSTM32F7 -DSTM32F746NGHx -DSTM32F746G_DISCO -DDEBUG -DSTM32F746xx -DUSE_HAL_DRIVER -I/home/oleksandr/workspace/stm32f746g-disco_hal_lib -I/home/oleksandr/workspace/stm32f746g-disco_hal_lib/HAL_Driver/Inc -I/home/oleksandr/workspace/stm32f746g-disco_hal_lib/HAL_Driver/Inc/Legacy -I/home/oleksandr/workspace/stm32f746g-disco_hal_lib/Utilities/Components/st7735 -I/home/oleksandr/workspace/stm32f746g-disco_hal_lib/Utilities/Components/ft6x06 -I/home/oleksandr/workspace/stm32f746g-disco_hal_lib/Utilities/Components/exc7200 -I/home/oleksandr/workspace/stm32f746g-disco_hal_lib/Utilities/Components/ts3510 -I/home/oleksandr/workspace/stm32f746g-disco_hal_lib/Utilities/Components/Common -I/home/oleksandr/workspace/stm32f746g-disco_hal_lib/Utilities/Components/otm8009a -I/home/oleksandr/workspace/stm32f746g-disco_hal_lib/Utilities/Components/rk043fn48h -I/home/oleksandr/workspace/stm32f746g-disco_hal_lib/Utilities/Components/ampire480272 -I/home/oleksandr/workspace/stm32f746g-disco_hal_lib/Utilities/Components/mfxstm32l152 -I/home/oleksandr/workspace/stm32f746g-disco_hal_lib/Utilities/Components/n25q512a -I/home/oleksandr/workspace/stm32f746g-disco_hal_lib/Utilities/Components/wm8994 -I/home/oleksandr/workspace/stm32f746g-disco_hal_lib/Utilities/Components/s5k5cag -I/home/oleksandr/workspace/stm32f746g-disco_hal_lib/Utilities/Components/stmpe811 -I/home/oleksandr/workspace/stm32f746g-disco_hal_lib/Utilities/Components/ampire640480 -I/home/oleksandr/workspace/stm32f746g-disco_hal_lib/Utilities/Components/ov9655 -I/home/oleksandr/workspace/stm32f746g-disco_hal_lib/Utilities/Components/adv7533 -I/home/oleksandr/workspace/stm32f746g-disco_hal_lib/Utilities/Components/n25q128a -I/home/oleksandr/workspace/stm32f746g-disco_hal_lib/Utilities/Components/st7789h2 -I/home/oleksandr/workspace/stm32f746g-disco_hal_lib/Utilities/Components/ft5336 -I/home/oleksandr/workspace/stm32f746g-disco_hal_lib/Utilities/Components/mx25l512 -I/home/oleksandr/workspace/stm32f746g-disco_hal_lib/Utilities/Log -I/home/oleksandr/workspace/stm32f746g-disco_hal_lib/Utilities/STM32746G-Discovery -I/home/oleksandr/workspace/stm32f746g-disco_hal_lib/Utilities/Fonts -I/home/oleksandr/workspace/stm32f746g-disco_hal_lib/CMSIS/core -I/home/oleksandr/workspace/stm32f746g-disco_hal_lib/CMSIS/device -I/home/oleksandr/workspace/LoRa+LCD/inc -O0 -g3 -Wall -fmessage-length=0 -ffunction-sections -c -o src/main.o ../src/main.c 
arm-none-eabi-gcc -mcpu=cortex-m7 -mthumb -mfloat-abi=hard -mfpu=fpv5-sp-d16 -L/home/oleksandr/workspace/stm32f746g-disco_hal_lib/Debug -T/home/oleksandr/workspace/LoRa+LCD/LinkerScript.ld -Wl,-Map=output.map -Wl,--gc-sections -lm -o LoRa+LCD.elf src/LoRa.o src/main.o src/stm32f7xx_it.o src/syscalls.o src/system_stm32f7xx.o startup/startup_stm32f746xx.o -lstm32f746g-disco_hal_lib 
Info: Parallel threads used: 1
22:10:02 **** Incremental Build of configuration Debug for project stm32f746g-disco_hal_lib ****
Info: Internal Builder is used for build
Info: Parallel threads used: 0
22:10:02 **** Incremental Build of configuration Debug for project LoRa+LCD ****
Info: Internal Builder is used for build
arm-none-eabi-gcc -mcpu=cortex-m7 -mthumb -mfloat-abi=hard -mfpu=fpv5-sp-d16 -DSTM32 -D__FPU_PRESENT -DARM_MATH_CM7 -DSTM32F7 -DSTM32F746NGHx -DSTM32F746G_DISCO -DDEBUG -DSTM32F746xx -DUSE_HAL_DRIVER -I/home/oleksandr/workspace/stm32f746g-disco_hal_lib -I/home/oleksandr/workspace/stm32f746g-disco_hal_lib/HAL_Driver/Inc -I/home/oleksandr/workspace/stm32f746g-disco_hal_lib/HAL_Driver/Inc/Legacy -I/home/oleksandr/workspace/stm32f746g-disco_hal_lib/Utilities/Components/st7735 -I/home/oleksandr/workspace/stm32f746g-disco_hal_lib/Utilities/Components/ft6x06 -I/home/oleksandr/workspace/stm32f746g-disco_hal_lib/Utilities/Components/exc7200 -I/home/oleksandr/workspace/stm32f746g-disco_hal_lib/Utilities/Components/ts3510 -I/home/oleksandr/workspace/stm32f746g-disco_hal_lib/Utilities/Components/Common -I/home/oleksandr/workspace/stm32f746g-disco_hal_lib/Utilities/Components/otm8009a -I/home/oleksandr/workspace/stm32f746g-disco_hal_lib/Utilities/Components/rk043fn48h -I/home/oleksandr/workspace/stm32f746g-disco_hal_lib/Utilities/Components/ampire480272 -I/home/oleksandr/workspace/stm32f746g-disco_hal_lib/Utilities/Components/mfxstm32l152 -I/home/oleksandr/workspace/stm32f746g-disco_hal_lib/Utilities/Components/n25q512a -I/home/oleksandr/workspace/stm32f746g-disco_hal_lib/Utilities/Components/wm8994 -I/home/oleksandr/workspace/stm32f746g-disco_hal_lib/Utilities/Components/s5k5cag -I/home/oleksandr/workspace/stm32f746g-disco_hal_lib/Utilities/Components/stmpe811 -I/home/oleksandr/workspace/stm32f746g-disco_hal_lib/Utilities/Components/ampire640480 -I/home/oleksandr/workspace/stm32f746g-disco_hal_lib/Utilities/Components/ov9655 -I/home/oleksandr/workspace/stm32f746g-disco_hal_lib/Utilities/Components/adv7533 -I/home/oleksandr/workspace/stm32f746g-disco_hal_lib/Utilities/Components/n25q128a -I/home/oleksandr/workspace/stm32f746g-disco_hal_lib/Utilities/Components/st7789h2 -I/home/oleksandr/workspace/stm32f746g-disco_hal_lib/Utilities/Components/ft5336 -I/home/oleksandr/workspace/stm32f746g-disco_hal_lib/Utilities/Components/mx25l512 -I/home/oleksandr/workspace/stm32f746g-disco_hal_lib/Utilities/Log -I/home/oleksandr/workspace/stm32f746g-disco_hal_lib/Utilities/STM32746G-Discovery -I/home/oleksandr/workspace/stm32f746g-disco_hal_lib/Utilities/Fonts -I/home/oleksandr/workspace/stm32f746g-disco_hal_lib/CMSIS/core -I/home/oleksandr/workspace/stm32f746g-disco_hal_lib/CMSIS/device -I/home/oleksandr/workspace/LoRa+LCD/inc -O0 -g3 -Wall -fmessage-length=0 -ffunction-sections -c -o src/LoRa.o ../src/LoRa.c 
../src/LoRa.c:15:1: warning: variably modified 'out_preamble_I' at file scope
 float32_t out_preamble_I[SAMPLE_NUMBER];
 ^~~~~~~~~
../src/LoRa.c:16:1: warning: variably modified 'out_preamble_Q' at file scope
 float32_t out_preamble_Q[SAMPLE_NUMBER];
 ^~~~~~~~~
../src/LoRa.c:17:1: warning: variably modified 'out_phase' at file scope
 float32_t out_phase[SAMPLE_NUMBER];
 ^~~~~~~~~
arm-none-eabi-gcc -mcpu=cortex-m7 -mthumb -mfloat-abi=hard -mfpu=fpv5-sp-d16 -L/home/oleksandr/workspace/stm32f746g-disco_hal_lib/Debug -T/home/oleksandr/workspace/LoRa+LCD/LinkerScript.ld -Wl,-Map=output.map -Wl,--gc-sections -lm -o LoRa+LCD.elf src/LoRa.o src/main.o src/stm32f7xx_it.o src/syscalls.o src/system_stm32f7xx.o startup/startup_stm32f746xx.o -lstm32f746g-disco_hal_lib 
Info: Parallel threads used: 1
22:21:15 **** Incremental Build of configuration Debug for project stm32f746g-disco_hal_lib ****
Info: Internal Builder is used for build
Info: Parallel threads used: 0
22:21:15 **** Incremental Build of configuration Debug for project LoRa+LCD ****
Info: Internal Builder is used for build
Info: Parallel threads used: 0
